<?xml version="1.0" encoding="UTF-8"?>
<!-- Generated by org.testng.reporters.JUnitReportReporter -->
<testsuite skipped="0" hostname="CHIRANTAN" name="org.maven.myte.selenium.MyTELogin" tests="1" failures="0" timestamp="18 Mar 2018 06:11:56 GMT" time="1.434" errors="0">
  <testcase name="f" time="1.434" classname="org.maven.myte.selenium.MyTELogin"/>
</testsuite> <!-- org.maven.myte.selenium.MyTELogin -->
