<?xml version="1.0" encoding="UTF-8"?>
<!-- Generated by org.testng.reporters.JUnitReportReporter -->
<testsuite skipped="0" hostname="CHIRANTAN" name="org.maven.myte.selenium.AmazonLogin" tests="1" failures="0" timestamp="17 Nov 2018 18:30:02 GMT" time="12.070" errors="0">
  <testcase name="f" time="12.070" classname="org.maven.myte.selenium.AmazonLogin"/>
</testsuite> <!-- org.maven.myte.selenium.AmazonLogin -->
